<?xml version="1.0" encoding="UTF-8"?>
<testng-results ignored="0" total="1" passed="1" failed="0" skipped="0">
  <reporter-output>
  </reporter-output>
  <suite started-at="2021-05-26T15:02:00 IST" name="Default suite" finished-at="2021-05-26T15:02:45 IST" duration-ms="45508">
    <groups>
    </groups>
    <test started-at="2021-05-26T15:02:00 IST" name="Default test" finished-at="2021-05-26T15:02:45 IST" duration-ms="45508">
      <class name="com.tatcha.TatchaSelWeb.testcases.GuestCheckoutUsTest">
        <test-method is-config="true" signature="setUp()[pri:0, instance:com.tatcha.TatchaSelWeb.testcases.GuestCheckoutUsTest@7c469c48]" started-at="2021-05-26T15:02:00 IST" name="setUp" finished-at="2021-05-26T15:02:11 IST" duration-ms="11338" status="PASS">
          <reporter-output>
          </reporter-output>
        </test-method> <!-- setUp -->
        <test-method signature="usorder()[pri:0, instance:com.tatcha.TatchaSelWeb.testcases.GuestCheckoutUsTest@7c469c48]" started-at="2021-05-26T15:02:11 IST" name="usorder" finished-at="2021-05-26T15:02:45 IST" duration-ms="33925" status="PASS">
          <reporter-output>
          </reporter-output>
        </test-method> <!-- usorder -->
        <test-method is-config="true" signature="tearDown()[pri:0, instance:com.tatcha.TatchaSelWeb.testcases.GuestCheckoutUsTest@7c469c48]" started-at="2021-05-26T15:02:45 IST" name="tearDown" finished-at="2021-05-26T15:02:45 IST" duration-ms="217" status="PASS">
          <reporter-output>
          </reporter-output>
        </test-method> <!-- tearDown -->
      </class> <!-- com.tatcha.TatchaSelWeb.testcases.GuestCheckoutUsTest -->
    </test> <!-- Default test -->
  </suite> <!-- Default suite -->
</testng-results>
