<?xml version="1.0" encoding="UTF-8"?>
<!-- Generated by org.testng.reporters.JUnitXMLReporter -->
<testsuite ignored="0" hostname="COK-M-00031.local" failures="0" tests="12" name="Test" time="430.864" errors="0" timestamp="2021-05-26T15:01:25 IST">
  <testcase classname="com.tatcha.TatchaSelWeb.testcases.CreatAnAccountTest" name="checkAlreadyRegisteredUserError" time="16.343"/>
  <testcase classname="com.tatcha.TatchaSelWeb.testcases.CreatAnAccountTest" name="checkPasswordErrors" time="8.692"/>
  <testcase classname="com.tatcha.TatchaSelWeb.testcases.CreatAnAccountTest" name="createAccount" time="12.965"/>
  <testcase classname="com.tatcha.TatchaSelWeb.testcases.LoginTest" name="emptyPasswrd" time="5.67"/>
  <testcase classname="com.tatcha.TatchaSelWeb.testcases.LoginTest" name="invalPasswrd" time="2.465"/>
  <testcase classname="com.tatcha.TatchaSelWeb.testcases.LoginTest" name="login" time="7.29"/>
  <testcase classname="com.tatcha.TatchaSelWeb.testcases.GuestCheckoutInternationalAddressRegisterTest" name="indianAddress" time="52.725"/>
  <testcase classname="com.tatcha.TatchaSelWeb.testcases.GuestCheckoutUsRegisterTest" name="usOrdeReg" time="37.125"/>
  <testcase classname="com.tatcha.TatchaSelWeb.testcases.GuestCheckoutInternationalAddressTest" name="indianAddress" time="54.788"/>
  <testcase classname="com.tatcha.TatchaSelWeb.testcases.LoginExpressCheckoutDefaultAddressTest" name="loginExprsChekout" time="38.485"/>
  <testcase classname="com.tatcha.TatchaSelWeb.testcases.ShoppingBagPromoExpressCheckoutTest" name="loginPromoCodeChekout" time="42.099"/>
  <testcase classname="com.tatcha.TatchaSelWeb.testcases.ShoppingBagSamplesExpressCheckoutTest" name="loginSampleChekout" time="40.072"/>
</testsuite> <!-- Test -->
